<?xml version="1.0" encoding="UTF-8"?>
<!-- Generated by org.testng.reporters.JUnitXMLReporter -->
<testsuite hostname="LPF1K68SH" ignored="1" name="test01_Ipro_Epro_OES_1" tests="1" failures="0" timestamp="2019-10-28T17:50:38 PDT" time="78.464" errors="0">
  <testcase name="test01_Ipro_Epro_OES_1" time="0.0" classname="com.selenium.web.test.ipro.Ipro">
    <skipped/>
  </testcase> <!-- test01_Ipro_Epro_OES_1 -->
  <testcase name="test01_Ipro_Epro_OES_2" time="0.0" classname="com.selenium.web.test.ipro.Ipro">
    <ignored/>
  </testcase> <!-- test01_Ipro_Epro_OES_2 -->
</testsuite> <!-- test01_Ipro_Epro_OES_1 -->
