<?xml version="1.0" encoding="UTF-8"?>
<!-- Generated by org.testng.reporters.JUnitXMLReporter -->
<testsuite hostname="LPF1K68SH" ignored="2" name="Default test" tests="1" failures="0" timestamp="2020-03-09T10:16:38 PDT" time="213.462" errors="0">
  <testcase name="test01_Ipro_Epro_OES" time="145.542" classname="com.selenium.web.test.ipro.Ipro"/>
  <testcase name="test03_AgentCubed" time="0.0" classname="com.selenium.web.test.ipro.Ipro">
    <ignored/>
  </testcase> <!-- test03_AgentCubed -->
  <testcase name="test02_Ipro_Coverage_Builder" time="0.0" classname="com.selenium.web.test.ipro.Ipro">
    <ignored/>
  </testcase> <!-- test02_Ipro_Coverage_Builder -->
</testsuite> <!-- Default test -->
